[debug] [2024-07-30T01:56:44.607Z] ----------------------------------------------------------------------
[debug] [2024-07-30T01:56:44.609Z] Command:       C:\Program Files\nodejs\node.exe C:\Users\sathi\AppData\Roaming\npm\node_modules\firebase-tools\lib\bin\firebase.js init
[debug] [2024-07-30T01:56:44.609Z] CLI Version:   11.20.0
[debug] [2024-07-30T01:56:44.609Z] Platform:      win32
[debug] [2024-07-30T01:56:44.610Z] Node Version:  v20.15.1
[debug] [2024-07-30T01:56:44.610Z] Time:          Tue Jul 30 2024 07:26:44 GMT+0530 (India Standard Time)
[debug] [2024-07-30T01:56:44.610Z] ----------------------------------------------------------------------
[debug] 
[debug] [2024-07-30T01:56:44.613Z] >>> [apiv2][query] GET https://firebase-public.firebaseio.com/cli.json [none]
[debug] [2024-07-30T01:56:44.742Z] > command requires scopes: ["email","openid","https://www.googleapis.com/auth/cloudplatformprojects.readonly","https://www.googleapis.com/auth/firebase","https://www.googleapis.com/auth/cloud-platform"]
[debug] [2024-07-30T01:56:44.743Z] > authorizing via signed-in user (rsathisk15@gmail.com)
[info] 
     ######## #### ########  ######## ########     ###     ######  ########
     ##        ##  ##     ## ##       ##     ##  ##   ##  ##       ##
     ######    ##  ########  ######   ########  #########  ######  ######
     ##        ##  ##    ##  ##       ##     ## ##     ##       ## ##
     ##       #### ##     ## ######## ########  ##     ##  ######  ########

You're about to initialize a Firebase project in this directory:

  D:\Learnings\Web Developments\React\myportfolio-new

Before we get started, keep in mind:

  * You are initializing within an existing Firebase project directory

[debug] [2024-07-30T01:56:45.321Z] <<< [apiv2][status] GET https://firebase-public.firebaseio.com/cli.json 200
[debug] [2024-07-30T01:56:45.321Z] <<< [apiv2][body] GET https://firebase-public.firebaseio.com/cli.json {"cloudBuildErrorAfter":1594252800000,"cloudBuildWarnAfter":1590019200000,"defaultNode10After":1594252800000,"minVersion":"3.0.5","node8DeploysDisabledAfter":1613390400000,"node8RuntimeDisabledAfter":1615809600000,"node8WarnAfter":1600128000000}
[info] 
=== Project Setup
[info] 
[info] First, let's associate this project directory with a Firebase project.
[info] You can create multiple project aliases by running firebase use --add, 
[info] but for now we'll just set up a default project.
[info] 
[debug] [2024-07-30T01:56:51.639Z] Using project from CLI flag: myportfolio-sk
[debug] [2024-07-30T01:56:51.640Z] > refreshing access token with scopes: []
[debug] [2024-07-30T01:56:51.641Z] >>> [apiv2][query] POST https://www.googleapis.com/oauth2/v3/token [none]
[debug] [2024-07-30T01:56:51.641Z] >>> [apiv2][body] POST https://www.googleapis.com/oauth2/v3/token [omitted]
[debug] [2024-07-30T01:56:51.822Z] <<< [apiv2][status] POST https://www.googleapis.com/oauth2/v3/token 200
[debug] [2024-07-30T01:56:51.822Z] <<< [apiv2][body] POST https://www.googleapis.com/oauth2/v3/token [omitted]
[debug] [2024-07-30T01:56:51.833Z] >>> [apiv2][query] GET https://firebase.googleapis.com/v1beta1/projects/myportfolio-sk [none]
[debug] [2024-07-30T01:56:52.336Z] <<< [apiv2][status] GET https://firebase.googleapis.com/v1beta1/projects/myportfolio-sk 200
[debug] [2024-07-30T01:56:52.336Z] <<< [apiv2][body] GET https://firebase.googleapis.com/v1beta1/projects/myportfolio-sk {"projectId":"myportfolio-sk","projectNumber":"1036225290979","displayName":"myportfolio-sk","name":"projects/myportfolio-sk","resources":{"hostingSite":"myportfolio-sk"},"state":"ACTIVE","etag":"1_6fa7d89f-cb47-4123-8ebb-bb587eb70a66"}
[info] i  Using project myportfolio-sk (myportfolio-sk) 
[info] 
=== Hosting Setup
[info] 
[info] Your public directory is the folder (relative to your project directory) that
[info] will contain Hosting assets to be uploaded with firebase deploy. If you
[info] have a build process for your assets, use your build's output directory.
[info] 
[info] i  Skipping write of build/404.html 
[debug] [2024-07-30T01:57:12.223Z] >>> [apiv2][query] GET https://www.gstatic.com/firebasejs/releases.json [none]
[debug] [2024-07-30T01:57:12.401Z] <<< [apiv2][status] GET https://www.gstatic.com/firebasejs/releases.json 200
[debug] [2024-07-30T01:57:12.402Z] <<< [apiv2][body] GET https://www.gstatic.com/firebasejs/releases.json {"current":{"version":"10.12.4","browserURL":"https://www.gstatic.com/firebasejs/10.12.4/firebase.js","packageURL":"https://www.gstatic.com/firebasejs/10.12.4/firebase.tgz"},"live":{"version":"10.12","browserURL":"https://www.gstatic.com/firebasejs/live/10.12/firebase.js","packageURL":"https://www.gstatic.com/firebasejs/live/10.12/firebase.tgz"},"components":{"analytics":"https://www.gstatic.com/firebasejs/10.12.4/firebase-analytics.js","app":"https://www.gstatic.com/firebasejs/10.12.4/firebase-app.js","app-check":"https://www.gstatic.com/firebasejs/10.12.4/firebase-app-check.js","auth":"https://www.gstatic.com/firebasejs/10.12.4/firebase-auth.js","auth/cordova":"https://www.gstatic.com/firebasejs/10.12.4/firebase-auth/cordova.js","auth/web-extension":"https://www.gstatic.com/firebasejs/10.12.4/firebase-auth/web-extension.js","functions":"https://www.gstatic.com/firebasejs/10.12.4/firebase-functions.js","firestore":"https://www.gstatic.com/firebasejs/10.12.4/firebase-firestore.js","firestore/lite":"https://www.gstatic.com/firebasejs/10.12.4/firebase-firestore/lite.js","installations":"https://www.gstatic.com/firebasejs/10.12.4/firebase-installations.js","storage":"https://www.gstatic.com/firebasejs/10.12.4/firebase-storage.js","performance":"https://www.gstatic.com/firebasejs/10.12.4/firebase-performance.js","remote-config":"https://www.gstatic.com/firebasejs/10.12.4/firebase-remote-config.js","messaging":"https://www.gstatic.com/firebasejs/10.12.4/firebase-messaging.js","messaging/sw":"https://www.gstatic.com/firebasejs/10.12.4/firebase-messaging/sw.js","database":"https://www.gstatic.com/firebasejs/10.12.4/firebase-database.js","vertexai-preview":"https://www.gstatic.com/firebasejs/10.12.4/firebase-vertexai-preview.js","firestore.memory":"https://www.gstatic.com/firebasejs/10.12.4/firebase-firestore.memory.js"}}
[info] i  Skipping write of build/index.html 
[info] 
[info] i  Detected a .git folder at D:\Learnings\Web Developments\React\myportfolio-new 
[info] i  Authorizing with GitHub to upload your service account to a GitHub repository's secrets store. 
[info] 
[info] Visit this URL on this device to log in:
[info] https://github.com/login/oauth/authorize?client_id=89cf50f02ac6aaed3484&state=507143303&redirect_uri=http%3A%2F%2Flocalhost%3A9005&scope=read%3Auser%20repo%20public_repo
[info] 
[info] Waiting for authentication...
[debug] [2024-07-30T01:57:14.760Z] Error: spawn cmd ENOENT
    at ChildProcess._handle.onexit (node:internal/child_process:286:19)
    at onErrorNT (node:internal/child_process:484:16)
    at process.processTicksAndRejections (node:internal/process/task_queues:82:21)
[error] 
[error] Error: An unexpected error has occurred.
[debug] [2024-07-30T01:57:58.725Z] ----------------------------------------------------------------------
[debug] [2024-07-30T01:57:58.728Z] Command:       C:\Program Files\nodejs\node.exe C:\Users\sathi\AppData\Roaming\npm\node_modules\firebase-tools\lib\bin\firebase.js init
[debug] [2024-07-30T01:57:58.729Z] CLI Version:   11.20.0
[debug] [2024-07-30T01:57:58.729Z] Platform:      win32
[debug] [2024-07-30T01:57:58.729Z] Node Version:  v20.15.1
[debug] [2024-07-30T01:57:58.729Z] Time:          Tue Jul 30 2024 07:27:58 GMT+0530 (India Standard Time)
[debug] [2024-07-30T01:57:58.729Z] ----------------------------------------------------------------------
[debug] 
[debug] [2024-07-30T01:57:58.817Z] > command requires scopes: ["email","openid","https://www.googleapis.com/auth/cloudplatformprojects.readonly","https://www.googleapis.com/auth/firebase","https://www.googleapis.com/auth/cloud-platform"]
[debug] [2024-07-30T01:57:58.817Z] > authorizing via signed-in user (rsathisk15@gmail.com)
[info] 
     ######## #### ########  ######## ########     ###     ######  ########
     ##        ##  ##     ## ##       ##     ##  ##   ##  ##       ##
     ######    ##  ########  ######   ########  #########  ######  ######
     ##        ##  ##    ##  ##       ##     ## ##     ##       ## ##
     ##       #### ##     ## ######## ########  ##     ##  ######  ########

You're about to initialize a Firebase project in this directory:

  D:\Learnings\Web Developments\React\myportfolio-new

Before we get started, keep in mind:

  * You are initializing within an existing Firebase project directory

[info] 
=== Project Setup
[info] 
[info] First, let's associate this project directory with a Firebase project.
[info] You can create multiple project aliases by running firebase use --add, 
[info] but for now we'll just set up a default project.
[info] 
[debug] [2024-07-30T01:58:02.194Z] Using project from CLI flag: myportfolio-sk
[debug] [2024-07-30T01:58:02.197Z] >>> [apiv2][query] GET https://firebase.googleapis.com/v1beta1/projects/myportfolio-sk [none]
[debug] [2024-07-30T01:58:02.906Z] <<< [apiv2][status] GET https://firebase.googleapis.com/v1beta1/projects/myportfolio-sk 200
[debug] [2024-07-30T01:58:02.906Z] <<< [apiv2][body] GET https://firebase.googleapis.com/v1beta1/projects/myportfolio-sk {"projectId":"myportfolio-sk","projectNumber":"1036225290979","displayName":"myportfolio-sk","name":"projects/myportfolio-sk","resources":{"hostingSite":"myportfolio-sk"},"state":"ACTIVE","etag":"1_6fa7d89f-cb47-4123-8ebb-bb587eb70a66"}
[info] i  Using project myportfolio-sk (myportfolio-sk) 
[info] 
=== Hosting Setup
[info] 
[info] Your public directory is the folder (relative to your project directory) that
[info] will contain Hosting assets to be uploaded with firebase deploy. If you
[info] have a build process for your assets, use your build's output directory.
[info] 
[info] i  Skipping write of build/404.html 
[debug] [2024-07-30T01:58:17.375Z] >>> [apiv2][query] GET https://www.gstatic.com/firebasejs/releases.json [none]
[debug] [2024-07-30T01:58:17.539Z] <<< [apiv2][status] GET https://www.gstatic.com/firebasejs/releases.json 200
[debug] [2024-07-30T01:58:17.539Z] <<< [apiv2][body] GET https://www.gstatic.com/firebasejs/releases.json {"current":{"version":"10.12.4","browserURL":"https://www.gstatic.com/firebasejs/10.12.4/firebase.js","packageURL":"https://www.gstatic.com/firebasejs/10.12.4/firebase.tgz"},"live":{"version":"10.12","browserURL":"https://www.gstatic.com/firebasejs/live/10.12/firebase.js","packageURL":"https://www.gstatic.com/firebasejs/live/10.12/firebase.tgz"},"components":{"analytics":"https://www.gstatic.com/firebasejs/10.12.4/firebase-analytics.js","app":"https://www.gstatic.com/firebasejs/10.12.4/firebase-app.js","app-check":"https://www.gstatic.com/firebasejs/10.12.4/firebase-app-check.js","auth":"https://www.gstatic.com/firebasejs/10.12.4/firebase-auth.js","auth/cordova":"https://www.gstatic.com/firebasejs/10.12.4/firebase-auth/cordova.js","auth/web-extension":"https://www.gstatic.com/firebasejs/10.12.4/firebase-auth/web-extension.js","functions":"https://www.gstatic.com/firebasejs/10.12.4/firebase-functions.js","firestore":"https://www.gstatic.com/firebasejs/10.12.4/firebase-firestore.js","firestore/lite":"https://www.gstatic.com/firebasejs/10.12.4/firebase-firestore/lite.js","installations":"https://www.gstatic.com/firebasejs/10.12.4/firebase-installations.js","storage":"https://www.gstatic.com/firebasejs/10.12.4/firebase-storage.js","performance":"https://www.gstatic.com/firebasejs/10.12.4/firebase-performance.js","remote-config":"https://www.gstatic.com/firebasejs/10.12.4/firebase-remote-config.js","messaging":"https://www.gstatic.com/firebasejs/10.12.4/firebase-messaging.js","messaging/sw":"https://www.gstatic.com/firebasejs/10.12.4/firebase-messaging/sw.js","database":"https://www.gstatic.com/firebasejs/10.12.4/firebase-database.js","vertexai-preview":"https://www.gstatic.com/firebasejs/10.12.4/firebase-vertexai-preview.js","firestore.memory":"https://www.gstatic.com/firebasejs/10.12.4/firebase-firestore.memory.js"}}
[info] i  Skipping write of build/index.html 
[info] 
[info] i  Detected a .git folder at D:\Learnings\Web Developments\React\myportfolio-new 
[info] i  Authorizing with GitHub to upload your service account to a GitHub repository's secrets store. 
[info] 
[info] Visit this URL on this device to log in:
[info] https://github.com/login/oauth/authorize?client_id=89cf50f02ac6aaed3484&state=170845828&redirect_uri=http%3A%2F%2Flocalhost%3A9005&scope=read%3Auser%20repo%20public_repo
[info] 
[info] Waiting for authentication...
[debug] [2024-07-30T01:58:19.256Z] Error: spawn cmd ENOENT
    at ChildProcess._handle.onexit (node:internal/child_process:286:19)
    at onErrorNT (node:internal/child_process:484:16)
    at process.processTicksAndRejections (node:internal/process/task_queues:82:21)
[error] 
[error] Error: An unexpected error has occurred.
[debug] [2024-07-30T02:01:07.636Z] ----------------------------------------------------------------------
[debug] [2024-07-30T02:01:07.639Z] Command:       C:\Program Files\nodejs\node.exe C:\Users\sathi\AppData\Roaming\npm\node_modules\firebase-tools\lib\bin\firebase.js init
[debug] [2024-07-30T02:01:07.640Z] CLI Version:   13.14.2
[debug] [2024-07-30T02:01:07.640Z] Platform:      win32
[debug] [2024-07-30T02:01:07.640Z] Node Version:  v20.15.1
[debug] [2024-07-30T02:01:07.640Z] Time:          Tue Jul 30 2024 07:31:07 GMT+0530 (India Standard Time)
[debug] [2024-07-30T02:01:07.640Z] ----------------------------------------------------------------------
[debug] 
[debug] [2024-07-30T02:01:07.723Z] > command requires scopes: ["email","openid","https://www.googleapis.com/auth/cloudplatformprojects.readonly","https://www.googleapis.com/auth/firebase","https://www.googleapis.com/auth/cloud-platform"]
[debug] [2024-07-30T02:01:07.724Z] > authorizing via signed-in user (rsathisk15@gmail.com)
[info] 
     ######## #### ########  ######## ########     ###     ######  ########
     ##        ##  ##     ## ##       ##     ##  ##   ##  ##       ##
     ######    ##  ########  ######   ########  #########  ######  ######
     ##        ##  ##    ##  ##       ##     ## ##     ##       ## ##
     ##       #### ##     ## ######## ########  ##     ##  ######  ########

You're about to initialize a Firebase project in this directory:

  D:\Learnings\Web Developments\React\myportfolio-new

Before we get started, keep in mind:

  * You are initializing within an existing Firebase project directory

[info] 
=== Project Setup
[info] 
[info] First, let's associate this project directory with a Firebase project.
[info] You can create multiple project aliases by running firebase use --add, 
[info] but for now we'll just set up a default project.
[info] 
[debug] [2024-07-30T02:01:12.787Z] Using project from CLI flag: myportfolio-sk
[debug] [2024-07-30T02:01:12.790Z] >>> [apiv2][query] GET https://firebase.googleapis.com/v1beta1/projects/myportfolio-sk [none]
[debug] [2024-07-30T02:01:13.505Z] <<< [apiv2][status] GET https://firebase.googleapis.com/v1beta1/projects/myportfolio-sk 200
[debug] [2024-07-30T02:01:13.505Z] <<< [apiv2][body] GET https://firebase.googleapis.com/v1beta1/projects/myportfolio-sk {"projectId":"myportfolio-sk","projectNumber":"1036225290979","displayName":"myportfolio-sk","name":"projects/myportfolio-sk","resources":{"hostingSite":"myportfolio-sk"},"state":"ACTIVE","etag":"1_6fa7d89f-cb47-4123-8ebb-bb587eb70a66"}
[info] i  Using project myportfolio-sk (myportfolio-sk) 
[info] 
=== Hosting Setup
[debug] [2024-07-30T02:01:13.516Z] >>> [apiv2][query] GET https://firebase.googleapis.com/v1beta1/projects/myportfolio-sk [none]
[debug] [2024-07-30T02:01:13.917Z] <<< [apiv2][status] GET https://firebase.googleapis.com/v1beta1/projects/myportfolio-sk 200
[debug] [2024-07-30T02:01:13.918Z] <<< [apiv2][body] GET https://firebase.googleapis.com/v1beta1/projects/myportfolio-sk {"projectId":"myportfolio-sk","projectNumber":"1036225290979","displayName":"myportfolio-sk","name":"projects/myportfolio-sk","resources":{"hostingSite":"myportfolio-sk"},"state":"ACTIVE","etag":"1_6fa7d89f-cb47-4123-8ebb-bb587eb70a66"}
[info] 
[info] Your public directory is the folder (relative to your project directory) that
[info] will contain Hosting assets to be uploaded with firebase deploy. If you
[info] have a build process for your assets, use your build's output directory.
[info] 
[info] i  Skipping write of build/404.html 
[debug] [2024-07-30T02:01:23.669Z] >>> [apiv2][query] GET https://www.gstatic.com/firebasejs/releases.json [none]
[debug] [2024-07-30T02:01:23.801Z] <<< [apiv2][status] GET https://www.gstatic.com/firebasejs/releases.json 200
[debug] [2024-07-30T02:01:23.802Z] <<< [apiv2][body] GET https://www.gstatic.com/firebasejs/releases.json {"current":{"version":"10.12.4","browserURL":"https://www.gstatic.com/firebasejs/10.12.4/firebase.js","packageURL":"https://www.gstatic.com/firebasejs/10.12.4/firebase.tgz"},"live":{"version":"10.12","browserURL":"https://www.gstatic.com/firebasejs/live/10.12/firebase.js","packageURL":"https://www.gstatic.com/firebasejs/live/10.12/firebase.tgz"},"components":{"analytics":"https://www.gstatic.com/firebasejs/10.12.4/firebase-analytics.js","app":"https://www.gstatic.com/firebasejs/10.12.4/firebase-app.js","app-check":"https://www.gstatic.com/firebasejs/10.12.4/firebase-app-check.js","auth":"https://www.gstatic.com/firebasejs/10.12.4/firebase-auth.js","auth/cordova":"https://www.gstatic.com/firebasejs/10.12.4/firebase-auth/cordova.js","auth/web-extension":"https://www.gstatic.com/firebasejs/10.12.4/firebase-auth/web-extension.js","functions":"https://www.gstatic.com/firebasejs/10.12.4/firebase-functions.js","firestore":"https://www.gstatic.com/firebasejs/10.12.4/firebase-firestore.js","firestore/lite":"https://www.gstatic.com/firebasejs/10.12.4/firebase-firestore/lite.js","installations":"https://www.gstatic.com/firebasejs/10.12.4/firebase-installations.js","storage":"https://www.gstatic.com/firebasejs/10.12.4/firebase-storage.js","performance":"https://www.gstatic.com/firebasejs/10.12.4/firebase-performance.js","remote-config":"https://www.gstatic.com/firebasejs/10.12.4/firebase-remote-config.js","messaging":"https://www.gstatic.com/firebasejs/10.12.4/firebase-messaging.js","messaging/sw":"https://www.gstatic.com/firebasejs/10.12.4/firebase-messaging/sw.js","database":"https://www.gstatic.com/firebasejs/10.12.4/firebase-database.js","vertexai-preview":"https://www.gstatic.com/firebasejs/10.12.4/firebase-vertexai-preview.js","firestore.memory":"https://www.gstatic.com/firebasejs/10.12.4/firebase-firestore.memory.js"}}
[info] i  Skipping write of build/index.html 
[info] 
[info] i  Detected a .git folder at D:\Learnings\Web Developments\React\myportfolio-new 
[info] i  Authorizing with GitHub to upload your service account to a GitHub repository's secrets store. 
[info] 
[info] Visit this URL on this device to log in:
[info] https://github.com/login/oauth/authorize?client_id=89cf50f02ac6aaed3484&state=253351697&redirect_uri=http%3A%2F%2Flocalhost%3A9005&scope=read%3Auser%20repo%20public_repo
[info] 
[info] Waiting for authentication...
[debug] [2024-07-30T02:01:24.678Z] Error: spawn cmd ENOENT
    at ChildProcess._handle.onexit (node:internal/child_process:286:19)
    at onErrorNT (node:internal/child_process:484:16)
    at process.processTicksAndRejections (node:internal/process/task_queues:82:21)
[error] 
[error] Error: An unexpected error has occurred.
[debug] [2024-07-30T02:06:35.092Z] ----------------------------------------------------------------------
[debug] [2024-07-30T02:06:35.097Z] Command:       C:\Program Files\nodejs\node.exe C:\Users\sathi\AppData\Roaming\npm\node_modules\firebase-tools\lib\bin\firebase.js init
[debug] [2024-07-30T02:06:35.098Z] CLI Version:   13.14.2
[debug] [2024-07-30T02:06:35.098Z] Platform:      win32
[debug] [2024-07-30T02:06:35.099Z] Node Version:  v20.15.1
[debug] [2024-07-30T02:06:35.099Z] Time:          Tue Jul 30 2024 07:36:35 GMT+0530 (India Standard Time)
[debug] [2024-07-30T02:06:35.099Z] ----------------------------------------------------------------------
[debug] 
[debug] [2024-07-30T02:06:35.177Z] > command requires scopes: ["email","openid","https://www.googleapis.com/auth/cloudplatformprojects.readonly","https://www.googleapis.com/auth/firebase","https://www.googleapis.com/auth/cloud-platform"]
[debug] [2024-07-30T02:06:35.177Z] > authorizing via signed-in user (rsathisk15@gmail.com)
[info] 
     ######## #### ########  ######## ########     ###     ######  ########
     ##        ##  ##     ## ##       ##     ##  ##   ##  ##       ##
     ######    ##  ########  ######   ########  #########  ######  ######
     ##        ##  ##    ##  ##       ##     ## ##     ##       ## ##
     ##       #### ##     ## ######## ########  ##     ##  ######  ########

You're about to initialize a Firebase project in this directory:

  D:\Learnings\Web Developments\React\myportfolio-new

Before we get started, keep in mind:

  * You are initializing within an existing Firebase project directory

[info] 
=== Project Setup
[info] 
[info] First, let's associate this project directory with a Firebase project.
[info] You can create multiple project aliases by running firebase use --add, 
[info] but for now we'll just set up a default project.
[info] 
[debug] [2024-07-30T02:06:40.352Z] Using project from CLI flag: myportfolio-sk
[debug] [2024-07-30T02:06:40.354Z] >>> [apiv2][query] GET https://firebase.googleapis.com/v1beta1/projects/myportfolio-sk [none]
[debug] [2024-07-30T02:06:41.069Z] <<< [apiv2][status] GET https://firebase.googleapis.com/v1beta1/projects/myportfolio-sk 200
[debug] [2024-07-30T02:06:41.070Z] <<< [apiv2][body] GET https://firebase.googleapis.com/v1beta1/projects/myportfolio-sk {"projectId":"myportfolio-sk","projectNumber":"1036225290979","displayName":"myportfolio-sk","name":"projects/myportfolio-sk","resources":{"hostingSite":"myportfolio-sk"},"state":"ACTIVE","etag":"1_6fa7d89f-cb47-4123-8ebb-bb587eb70a66"}
[info] i  Using project myportfolio-sk (myportfolio-sk) 
[info] 
=== Hosting Setup
[debug] [2024-07-30T02:06:41.077Z] >>> [apiv2][query] GET https://firebase.googleapis.com/v1beta1/projects/myportfolio-sk [none]
[debug] [2024-07-30T02:06:41.460Z] <<< [apiv2][status] GET https://firebase.googleapis.com/v1beta1/projects/myportfolio-sk 200
[debug] [2024-07-30T02:06:41.460Z] <<< [apiv2][body] GET https://firebase.googleapis.com/v1beta1/projects/myportfolio-sk {"projectId":"myportfolio-sk","projectNumber":"1036225290979","displayName":"myportfolio-sk","name":"projects/myportfolio-sk","resources":{"hostingSite":"myportfolio-sk"},"state":"ACTIVE","etag":"1_6fa7d89f-cb47-4123-8ebb-bb587eb70a66"}
[info] 
[info] Your public directory is the folder (relative to your project directory) that
[info] will contain Hosting assets to be uploaded with firebase deploy. If you
[info] have a build process for your assets, use your build's output directory.
[info] 
[info] i  Skipping write of build/404.html 
[debug] [2024-07-30T02:06:48.307Z] >>> [apiv2][query] GET https://www.gstatic.com/firebasejs/releases.json [none]
[debug] [2024-07-30T02:06:48.414Z] <<< [apiv2][status] GET https://www.gstatic.com/firebasejs/releases.json 200
[debug] [2024-07-30T02:06:48.414Z] <<< [apiv2][body] GET https://www.gstatic.com/firebasejs/releases.json {"current":{"version":"10.12.4","browserURL":"https://www.gstatic.com/firebasejs/10.12.4/firebase.js","packageURL":"https://www.gstatic.com/firebasejs/10.12.4/firebase.tgz"},"live":{"version":"10.12","browserURL":"https://www.gstatic.com/firebasejs/live/10.12/firebase.js","packageURL":"https://www.gstatic.com/firebasejs/live/10.12/firebase.tgz"},"components":{"analytics":"https://www.gstatic.com/firebasejs/10.12.4/firebase-analytics.js","app":"https://www.gstatic.com/firebasejs/10.12.4/firebase-app.js","app-check":"https://www.gstatic.com/firebasejs/10.12.4/firebase-app-check.js","auth":"https://www.gstatic.com/firebasejs/10.12.4/firebase-auth.js","auth/cordova":"https://www.gstatic.com/firebasejs/10.12.4/firebase-auth/cordova.js","auth/web-extension":"https://www.gstatic.com/firebasejs/10.12.4/firebase-auth/web-extension.js","functions":"https://www.gstatic.com/firebasejs/10.12.4/firebase-functions.js","firestore":"https://www.gstatic.com/firebasejs/10.12.4/firebase-firestore.js","firestore/lite":"https://www.gstatic.com/firebasejs/10.12.4/firebase-firestore/lite.js","installations":"https://www.gstatic.com/firebasejs/10.12.4/firebase-installations.js","storage":"https://www.gstatic.com/firebasejs/10.12.4/firebase-storage.js","performance":"https://www.gstatic.com/firebasejs/10.12.4/firebase-performance.js","remote-config":"https://www.gstatic.com/firebasejs/10.12.4/firebase-remote-config.js","messaging":"https://www.gstatic.com/firebasejs/10.12.4/firebase-messaging.js","messaging/sw":"https://www.gstatic.com/firebasejs/10.12.4/firebase-messaging/sw.js","database":"https://www.gstatic.com/firebasejs/10.12.4/firebase-database.js","vertexai-preview":"https://www.gstatic.com/firebasejs/10.12.4/firebase-vertexai-preview.js","firestore.memory":"https://www.gstatic.com/firebasejs/10.12.4/firebase-firestore.memory.js"}}
[info] i  Skipping write of build/index.html 
[info] 
[info] i  Detected a .git folder at D:\Learnings\Web Developments\React\myportfolio-new 
[info] i  Authorizing with GitHub to upload your service account to a GitHub repository's secrets store. 
[info] 
[info] Visit this URL on this device to log in:
[info] https://github.com/login/oauth/authorize?client_id=89cf50f02ac6aaed3484&state=1043273870&redirect_uri=http%3A%2F%2Flocalhost%3A9005&scope=read%3Auser%20repo%20public_repo
[info] 
[info] Waiting for authentication...
[debug] [2024-07-30T02:06:48.590Z] Error: spawn cmd ENOENT
    at ChildProcess._handle.onexit (node:internal/child_process:286:19)
    at onErrorNT (node:internal/child_process:484:16)
    at process.processTicksAndRejections (node:internal/process/task_queues:82:21)
[error] 
[error] Error: An unexpected error has occurred.
[debug] [2024-07-30T02:07:27.917Z] ----------------------------------------------------------------------
[debug] [2024-07-30T02:07:27.921Z] Command:       C:\Program Files\nodejs\node.exe C:\Users\sathi\AppData\Roaming\npm\node_modules\firebase-tools\lib\bin\firebase.js init
[debug] [2024-07-30T02:07:27.922Z] CLI Version:   13.14.2
[debug] [2024-07-30T02:07:27.922Z] Platform:      win32
[debug] [2024-07-30T02:07:27.923Z] Node Version:  v20.15.1
[debug] [2024-07-30T02:07:27.923Z] Time:          Tue Jul 30 2024 07:37:27 GMT+0530 (India Standard Time)
[debug] [2024-07-30T02:07:27.923Z] ----------------------------------------------------------------------
[debug] 
[debug] [2024-07-30T02:07:28.003Z] > command requires scopes: ["email","openid","https://www.googleapis.com/auth/cloudplatformprojects.readonly","https://www.googleapis.com/auth/firebase","https://www.googleapis.com/auth/cloud-platform"]
[debug] [2024-07-30T02:07:28.004Z] > authorizing via signed-in user (rsathisk15@gmail.com)
[info] 
     ######## #### ########  ######## ########     ###     ######  ########
     ##        ##  ##     ## ##       ##     ##  ##   ##  ##       ##
     ######    ##  ########  ######   ########  #########  ######  ######
     ##        ##  ##    ##  ##       ##     ## ##     ##       ## ##
     ##       #### ##     ## ######## ########  ##     ##  ######  ########

You're about to initialize a Firebase project in this directory:

  D:\Learnings\Web Developments\React\myportfolio-new

Before we get started, keep in mind:

  * You are initializing within an existing Firebase project directory

